[11:49:22.049] [INFO] storybook v10.2.16
[11:49:22.111] [ERROR] [38;2;241;97;97mSB_CORE-SERVER_0007 (MainFileEvaluationError): Storybook couldn't evaluate your [33m.storybook/main.cjs[39m file.

Original error:
[37m/.storybook/main.cjs:17
export default config;
^^^^^^

SyntaxError: Unexpected token 'export'
    at wrapSafe (node:internal/modules/cjs/loader:1743:18)
    at Module._compile (node:internal/modules/cjs/loader:1786:20)
    at Object..js (node:internal/modules/cjs/loader:1943:10)
    at Module.load (node:internal/modules/cjs/loader:1533:32)
    at Module._load (node:internal/modules/cjs/loader:1335:12)
    at wrapModuleLoad (node:internal/modules/cjs/loader:255:19)
    at loadCJSModuleWithModuleLoad (node:internal/modules/esm/translators:328:3)
    at ModuleWrap.<anonymous> (node:internal/modules/esm/translators:233:7)
    at ModuleJob.run (node:internal/modules/esm/module_job:430:25)
    at async onImport.tracePromise.__proto__ (node:internal/modules/esm/loader:661:26)[39m[39m
    at loadMainConfig (file://./node_modules/storybook/dist/_node-chunks/chunk-UXMBIWPQ.js:11709:11)
    at async buildDevStandalone (file://./node_modules/storybook/dist/core-server/index.js:7647:16)
    at async withTelemetry (file://./node_modules/storybook/dist/_node-chunks/chunk-CSGMAQQ4.js:218:12)
    at async dev (file://./node_modules/storybook/dist/bin/core.js:2734:3)
    at async _Command.<anonymous> (file://./node_modules/storybook/dist/bin/core.js:2804:92)
[11:49:22.114] [WARN] Broken build, fix the error above.
You may need to refresh the browser.
[11:49:22.115] [WARN]   Failed to load preset: "/Users/yingyuchen/Documents/cwgit/storybook-test/.storybook/main.cjs"
[11:49:22.115] [ERROR] ./.storybook/main.cjs:17
export default config;
^^^^^^

[38;2;241;97;97mSyntaxError: Unexpected token 'export'[39m
    at wrapSafe (node:internal/modules/cjs/loader:1743:18)
    at Module._compile (node:internal/modules/cjs/loader:1786:20)
    at Object..js (node:internal/modules/cjs/loader:1943:10)
    at Module.load (node:internal/modules/cjs/loader:1533:32)
    at Module._load (node:internal/modules/cjs/loader:1335:12)
    at wrapModuleLoad (node:internal/modules/cjs/loader:255:19)
    at loadCJSModuleWithModuleLoad (node:internal/modules/esm/translators:328:3)
    at ModuleWrap.<anonymous> (node:internal/modules/esm/translators:233:7)
    at ModuleJob.run (node:internal/modules/esm/module_job:430:25)
    at async onImport.tracePromise.__proto__ (node:internal/modules/esm/loader:661:26)